<?xml version="1.0" encoding="UTF-8"?>
<!-- Generated by org.testng.reporters.JUnitReportReporter -->
<testsuite hostname="ARJUN" name="zachry.Registration" tests="1" failures="0" timestamp="15 Jun 2019 11:13:42 GMT" time="9.773" errors="0">
  <testcase name="regist" time="9.773" classname="zachry.Registration"/>
</testsuite> <!-- zachry.Registration -->
