<?xml version="1.0" encoding="UTF-8"?>
<!-- Generated by org.testng.reporters.JUnitReportReporter -->
<testsuite hostname="ARJUN" name="zachry.HomePage" tests="2" failures="0" timestamp="15 Jun 2019 11:13:42 GMT" time="35.570" errors="0">
  <testcase name="login" time="15.738" classname="zachry.HomePage"/>
  <testcase name="home" time="19.832" classname="zachry.HomePage"/>
</testsuite> <!-- zachry.HomePage -->
